<?xml version="1.0" encoding="UTF-8"?>
<testng-results ignored="0" total="1" passed="1" failed="0" skipped="0">
  <reporter-output>
  </reporter-output>
  <suite started-at="2025-07-27T20:02:09 IST" name="Suite" finished-at="2025-07-27T20:02:29 IST" duration-ms="20850">
    <groups>
    </groups>
    <test started-at="2025-07-27T20:02:09 IST" name="Test" finished-at="2025-07-27T20:02:29 IST" duration-ms="20850">
      <class name="testCase.Hometest">
        <test-method is-config="true" signature="setup()[pri:0, instance:testCase.Hometest@29f7cefd]" started-at="2025-07-27T20:02:09 IST" name="setup" finished-at="2025-07-27T20:02:25 IST" duration-ms="15984" status="PASS">
          <reporter-output>
          </reporter-output>
        </test-method> <!-- setup -->
        <test-method signature="Registestep()[pri:0, instance:testCase.Hometest@29f7cefd]" started-at="2025-07-27T20:02:25 IST" name="Registestep" finished-at="2025-07-27T20:02:29 IST" duration-ms="4054" status="PASS">
          <reporter-output>
          </reporter-output>
        </test-method> <!-- Registestep -->
        <test-method is-config="true" signature="teardwon()[pri:0, instance:testCase.Hometest@29f7cefd]" started-at="2025-07-27T20:02:29 IST" name="teardwon" finished-at="2025-07-27T20:02:29 IST" duration-ms="703" status="PASS">
          <reporter-output>
          </reporter-output>
        </test-method> <!-- teardwon -->
      </class> <!-- testCase.Hometest -->
    </test> <!-- Test -->
  </suite> <!-- Suite -->
</testng-results>
