<?xml version="1.0" encoding="UTF-8"?>
<testng-results ignored="0" total="1" passed="1" failed="0" skipped="0">
  <reporter-output>
  </reporter-output>
  <suite started-at="2025-07-27T15:43:15 IST" name="Suite" finished-at="2025-07-27T15:43:26 IST" duration-ms="10929">
    <groups>
    </groups>
    <test started-at="2025-07-27T15:43:15 IST" name="Test" finished-at="2025-07-27T15:43:26 IST" duration-ms="10929">
      <class name="testCase.Hometest">
        <test-method is-config="true" signature="setup()[pri:0, instance:testCase.Hometest@41c2284a]" started-at="2025-07-27T15:43:15 IST" name="setup" finished-at="2025-07-27T15:43:23 IST" duration-ms="7281" status="PASS">
          <reporter-output>
          </reporter-output>
        </test-method> <!-- setup -->
        <test-method signature="Registestep()[pri:0, instance:testCase.Hometest@41c2284a]" started-at="2025-07-27T15:43:23 IST" name="Registestep" finished-at="2025-07-27T15:43:25 IST" duration-ms="2812" status="PASS">
          <reporter-output>
          </reporter-output>
        </test-method> <!-- Registestep -->
        <test-method is-config="true" signature="teardwon()[pri:0, instance:testCase.Hometest@41c2284a]" started-at="2025-07-27T15:43:25 IST" name="teardwon" finished-at="2025-07-27T15:43:26 IST" duration-ms="745" status="PASS">
          <reporter-output>
          </reporter-output>
        </test-method> <!-- teardwon -->
      </class> <!-- testCase.Hometest -->
    </test> <!-- Test -->
  </suite> <!-- Suite -->
</testng-results>
